<?xml version="1.0" encoding="UTF-8"?>
<testng-results ignored="0" total="1" passed="1" failed="0" skipped="0">
  <reporter-output>
  </reporter-output>
  <suite started-at="2026-01-27T15:40:43 IST" name="Default suite" finished-at="2026-01-27T15:40:55 IST" duration-ms="12172">
    <groups>
    </groups>
    <test started-at="2026-01-27T15:40:43 IST" name="Default test" finished-at="2026-01-27T15:40:55 IST" duration-ms="12172">
      <class name="tests.LoginTest">
        <test-method is-config="true" signature="setUp()[pri:0, instance:tests.LoginTest@79e4c792]" started-at="2026-01-27T15:40:43 IST" name="setUp" finished-at="2026-01-27T15:40:50 IST" duration-ms="6515" status="PASS">
          <reporter-output>
          </reporter-output>
        </test-method> <!-- setUp -->
        <test-method signature="validLoginTest()[pri:0, instance:tests.LoginTest@79e4c792]" started-at="2026-01-27T15:40:50 IST" name="validLoginTest" finished-at="2026-01-27T15:40:55 IST" duration-ms="5072" status="PASS">
          <reporter-output>
          </reporter-output>
        </test-method> <!-- validLoginTest -->
        <test-method is-config="true" signature="tearDown()[pri:0, instance:tests.LoginTest@79e4c792]" started-at="2026-01-27T15:40:55 IST" name="tearDown" finished-at="2026-01-27T15:40:55 IST" duration-ms="436" status="PASS">
          <reporter-output>
          </reporter-output>
        </test-method> <!-- tearDown -->
      </class> <!-- tests.LoginTest -->
    </test> <!-- Default test -->
  </suite> <!-- Default suite -->
</testng-results>
